<?xml version="1.0" encoding="UTF-8"?>
<!-- Generated by org.testng.reporters.JUnitXMLReporter -->
<testsuite ignored="0" hostname="LAPTOP-GAUPM6CM" failures="0" tests="4" name="Default test" time="38.428" errors="0" timestamp="2024-05-28T21:38:54 IST">
  <testcase classname="regression.ValidateLoginUsingDataProvider" name="validateLoginTC1" time="1.027"/>
  <testcase classname="regression.ValidateLoginUsingDataProvider" name="validateLoginTC1" time="0.732"/>
  <testcase classname="regression.ValidateLoginUsingDataProvider" name="validateLoginTC1" time="0.741"/>
  <testcase classname="regression.ValidateLoginUsingDataProvider" name="validateLoginTC1" time="0.725"/>
</testsuite> <!-- Default test -->
