<?xml version="1.0" encoding="UTF-8"?>
<!-- Generated by org.testng.reporters.JUnitXMLReporter -->
<testsuite ignored="2" hostname="LAPTOP-GAUPM6CM" failures="0" tests="4" name="Test" time="0.141" errors="0" timestamp="2024-05-30T21:02:31 IST">
  <testcase classname="may30th.ValidateLogin" name="tc1" time="0.007"/>
  <testcase classname="may30th.ValidateLogin" name="tc2" time="0.001"/>
  <testcase classname="may30th.ValidateRegistration" name="tc3" time="0.002"/>
  <testcase classname="may30th.ValidateRegistration" name="tc4" time="0.002"/>
  <testcase classname="may30th.Base" name="@AfterTest quit" time="0.0">
    <ignored/>
  </testcase> <!-- @AfterTest quit -->
  <testcase classname="may30th.Base" name="@BeforeTest configRead" time="0.0">
    <ignored/>
  </testcase> <!-- @BeforeTest configRead -->
</testsuite> <!-- Test -->
