<?xml version="1.0" encoding="UTF-8"?>
<testng-results ignored="0" total="1" passed="1" failed="0" skipped="0">
  <reporter-output>
  </reporter-output>
  <suite started-at="2024-05-29T21:32:15 IST" name="Default suite" finished-at="2024-05-29T21:32:26 IST" duration-ms="11551">
    <groups>
    </groups>
    <test started-at="2024-05-29T21:32:15 IST" name="Default test" finished-at="2024-05-29T21:32:26 IST" duration-ms="11551">
      <class name="regression.ValidateLoginUsingDataProviderExcel">
        <test-method is-config="true" signature="setUp()[pri:0, instance:regression.ValidateLoginUsingDataProviderExcel@3a7442c7]" started-at="2024-05-29T21:32:16 IST" name="setUp" finished-at="2024-05-29T21:32:22 IST" duration-ms="5734" status="PASS">
          <reporter-output>
          </reporter-output>
        </test-method> <!-- setUp -->
        <test-method signature="validateLogin(java.util.HashMap)[pri:0, instance:regression.ValidateLoginUsingDataProviderExcel@3a7442c7]" started-at="2024-05-29T21:32:22 IST" name="validateLogin" data-provider="getData" finished-at="2024-05-29T21:32:23 IST" duration-ms="1022" status="PASS">
          <params>
            <param index="0">
              <value>
                <![CDATA[{expTitle=Adactin.com - Search Hotel, password=reyaz123, username=reyaz0806}]]>
              </value>
            </param>
          </params>
          <reporter-output>
          </reporter-output>
        </test-method> <!-- validateLogin -->
        <test-method is-config="true" signature="teardown()[pri:0, instance:regression.ValidateLoginUsingDataProviderExcel@3a7442c7]" started-at="2024-05-29T21:32:23 IST" name="teardown" finished-at="2024-05-29T21:32:26 IST" duration-ms="3448" status="PASS">
          <reporter-output>
          </reporter-output>
        </test-method> <!-- teardown -->
      </class> <!-- regression.ValidateLoginUsingDataProviderExcel -->
    </test> <!-- Default test -->
  </suite> <!-- Default suite -->
</testng-results>
